[01m[K/workspace/src/cpp_test/src/talker.cpp:[m[K In function â€˜[01m[Kint main(int, char**)[m[Kâ€™:
[01m[K/workspace/src/cpp_test/src/talker.cpp:22:3:[m[K [01;31m[Kerror: [m[Kâ€˜[01m[Klsdk[m[Kâ€™ was not declared in this scope
   22 |   [01;31m[Klsdk[m[K
      |   [01;31m[K^~~~[m[K
make[2]: *** [CMakeFiles/talker.dir/build.make:63: CMakeFiles/talker.dir/src/talker.cpp.o] Error 1
make[1]: *** [CMakeFiles/Makefile2:155: CMakeFiles/talker.dir/all] Error 2
make: *** [Makefile:141: all] Error 2
